[debug] [2022-12-10T22:49:01.089Z] ----------------------------------------------------------------------
[debug] [2022-12-10T22:49:01.089Z] Command:       /Users/zeynepevecen/.nvm/versions/node/v16.15.1/bin/node /opt/homebrew/bin/firebase projects:list
[debug] [2022-12-10T22:49:01.090Z] CLI Version:   10.1.4
[debug] [2022-12-10T22:49:01.090Z] Platform:      darwin
[debug] [2022-12-10T22:49:01.090Z] Node Version:  v16.15.1
[debug] [2022-12-10T22:49:01.090Z] Time:          Sun Dec 11 2022 01:49:01 GMT+0300 (GMT+03:00)
[debug] [2022-12-10T22:49:01.090Z] ----------------------------------------------------------------------
[debug] 
[debug] [2022-12-10T22:49:01.117Z] > command requires scopes: ["email","openid","https://www.googleapis.com/auth/cloudplatformprojects.readonly","https://www.googleapis.com/auth/firebase","https://www.googleapis.com/auth/cloud-platform"]
[debug] [2022-12-10T22:49:01.117Z] > authorizing via signed-in user (zeynepevecen@gmail.com)
[debug] [2022-12-10T22:49:01.119Z] > refreshing access token with scopes: []
[debug] [2022-12-10T22:49:01.119Z] >>> HTTP REQUEST POST https://www.googleapis.com/oauth2/v3/token  
 <request body omitted>
[debug] [2022-12-10T22:49:01.423Z] <<< HTTP RESPONSE 400 {"expires":"Mon, 01 Jan 1990 00:00:00 GMT","pragma":"no-cache","date":"Sat, 10 Dec 2022 22:49:01 GMT","cache-control":"no-cache, no-store, max-age=0, must-revalidate","content-type":"application/json; charset=utf-8","vary":"X-Origin, Referer, Origin,Accept-Encoding","server":"scaffolding on HTTPServer2","x-xss-protection":"0","x-frame-options":"SAMEORIGIN","x-content-type-options":"nosniff","alt-svc":"h3=\":443\"; ma=2592000,h3-29=\":443\"; ma=2592000,h3-Q050=\":443\"; ma=2592000,h3-Q046=\":443\"; ma=2592000,h3-Q043=\":443\"; ma=2592000,quic=\":443\"; ma=2592000; v=\"46,43\"","accept-ranges":"none","transfer-encoding":"chunked"}
[debug] [2022-12-10T22:49:01.427Z] >>> [apiv2][query] GET https://firebase.googleapis.com/v1beta1/projects pageSize=1000
[debug] [2022-12-10T22:49:01.705Z] <<< [apiv2][status] GET https://firebase.googleapis.com/v1beta1/projects 401
[debug] [2022-12-10T22:49:01.706Z] <<< [apiv2][body] GET https://firebase.googleapis.com/v1beta1/projects [omitted]
[debug] [2022-12-10T22:49:01.706Z] HTTP Error: 401, Request had invalid authentication credentials. Expected OAuth 2 access token, login cookie or other valid authentication credential. See https://developers.google.com/identity/sign-in/web/devconsole-project.
[debug] [2022-12-10T22:49:01.963Z] FirebaseError: HTTP Error: 401, Request had invalid authentication credentials. Expected OAuth 2 access token, login cookie or other valid authentication credential. See https://developers.google.com/identity/sign-in/web/devconsole-project.
    at module.exports (/opt/homebrew/lib/node_modules/firebase-tools/lib/responseToError.js:38:12)
    at RetryOperation._fn (/opt/homebrew/lib/node_modules/firebase-tools/lib/apiv2.js:282:39)
    at processTicksAndRejections (node:internal/process/task_queues:96:5)
[error] 
[error] Error: Failed to list Firebase projects. See firebase-debug.log for more info.
